#
# A fatal error has been detected by the Java Runtime Environment:
#
#  Internal Error (signature.cpp:54), pid=89400, tid=0x0000000000002703
#  fatal error: expecting (
#
# JRE version: Java(TM) SE Runtime Environment (8.0_181-b13) (build 1.8.0_181-b13)
# Java VM: Java HotSpot(TM) 64-Bit Server VM (25.181-b13 mixed mode bsd-amd64 compressed oops)
# Failed to write core dump. Core dumps have been disabled. To enable core dumping, try "ulimit -c unlimited" before starting Java again
#
# If you would like to submit a bug report, please visit:
#   http://bugreport.java.com/bugreport/crash.jsp
#

---------------  T H R E A D  ---------------

Current thread (0x00007f935700a000):  JavaThread "main" [_thread_in_vm, id=9987, stack(0x0000700005a23000,0x0000700005b23000)]

Stack: [0x0000700005a23000,0x0000700005b23000],  sp=0x0000700005b222c0,  free space=1020k
Native frames: (J=compiled Java code, j=interpreted, Vv=VM code, C=native code)
V  [libjvm.dylib+0x5b581a]
V  [libjvm.dylib+0x1e9185]
V  [libjvm.dylib+0x504da1]
V  [libjvm.dylib+0x504f87]
V  [libjvm.dylib+0x24bba1]
V  [libjvm.dylib+0x2e9f23]
j  BST.main([Ljava/lang/String;)V+96
v  ~StubRoutines::call_stub
V  [libjvm.dylib+0x2efcba]
V  [libjvm.dylib+0x326c61]
V  [libjvm.dylib+0x31f9ed]
C  [java+0x38c6]  JavaMain+0x9c4
C  [libsystem_pthread.dylib+0x3305]  _pthread_body+0x7e
C  [libsystem_pthread.dylib+0x626f]  _pthread_start+0x46
C  [libsystem_pthread.dylib+0x2415]  thread_start+0xd
C  0x0000000000000000

Java frames: (J=compiled Java code, j=interpreted, Vv=VM code)
j  BST.main([Ljava/lang/String;)V+96
v  ~StubRoutines::call_stub

---------------  P R O C E S S  ---------------

Java Threads: ( => current thread )
  0x00007f93580ab800 JavaThread "Service Thread" daemon [_thread_blocked, id=16131, stack(0x0000700006950000,0x0000700006a50000)]
  0x00007f93580a9000 JavaThread "C1 CompilerThread2" daemon [_thread_blocked, id=16387, stack(0x000070000684d000,0x000070000694d000)]
  0x00007f93580a8000 JavaThread "C2 CompilerThread1" daemon [_thread_blocked, id=13571, stack(0x000070000674a000,0x000070000684a000)]
  0x00007f9358028800 JavaThread "C2 CompilerThread0" daemon [_thread_blocked, id=16899, stack(0x0000700006647000,0x0000700006747000)]
  0x00007f9357825000 JavaThread "JDWP Command Reader" daemon [_thread_in_native, id=17155, stack(0x0000700006544000,0x0000700006644000)]
  0x00007f9357826000 JavaThread "JDWP Event Helper Thread" daemon [_thread_blocked, id=17667, stack(0x0000700006441000,0x0000700006541000)]
  0x00007f9358816800 JavaThread "JDWP Transport Listener: dt_socket" daemon [_thread_blocked, id=18183, stack(0x000070000633e000,0x000070000643e000)]
  0x00007f9358816000 JavaThread "Signal Dispatcher" daemon [_thread_blocked, id=18435, stack(0x000070000623b000,0x000070000633b000)]
  0x00007f9357052800 JavaThread "Finalizer" daemon [_thread_blocked, id=20483, stack(0x0000700006138000,0x0000700006238000)]
  0x00007f935800a000 JavaThread "Reference Handler" daemon [_thread_blocked, id=11779, stack(0x0000700006035000,0x0000700006135000)]
=>0x00007f935700a000 JavaThread "main" [_thread_in_vm, id=9987, stack(0x0000700005a23000,0x0000700005b23000)]

Other Threads:
  0x00007f9357050000 VMThread [stack: 0x0000700005f32000,0x0000700006032000] [id=11523]
  0x00007f93578b1000 WatcherThread [stack: 0x0000700006a53000,0x0000700006b53000] [id=14339]

VM state:not at safepoint (normal execution)

VM Mutex/Monitor currently owned by a thread: None

Heap:
 PSYoungGen      total 38400K, used 9428K [0x0000000795580000, 0x0000000798000000, 0x00000007c0000000)
  eden space 33280K, 28% used [0x0000000795580000,0x0000000795eb52d0,0x0000000797600000)
  from space 5120K, 0% used [0x0000000797b00000,0x0000000797b00000,0x0000000798000000)
  to   space 5120K, 0% used [0x0000000797600000,0x0000000797600000,0x0000000797b00000)
 ParOldGen       total 87552K, used 0K [0x0000000740000000, 0x0000000745580000, 0x0000000795580000)
  object space 87552K, 0% used [0x0000000740000000,0x0000000740000000,0x0000000745580000)
 Metaspace       used 5286K, capacity 5394K, committed 5504K, reserved 1056768K
  class space    used 533K, capacity 561K, committed 640K, reserved 1048576K

Card table byte_map: [0x0000000111800000,0x0000000111c01000] byte_map_base: 0x000000010de00000

Marking Bits: (ParMarkBitMap*) 0x0000000110446cd0
 Begin Bits: [0x0000000111eac000, 0x0000000113eac000)
 End Bits:   [0x0000000113eac000, 0x0000000115eac000)

Polling page: 0x0000000110b45000

CodeCache: size=245760Kb used=1822Kb max_used=1822Kb free=243937Kb
 bounds [0x0000000119c9e000, 0x0000000119f0e000, 0x0000000128c9e000]
 total_blobs=496 nmethods=216 adapters=202
 compilation: enabled

Compilation events (10 events):
Event: 770.277 Thread 0x00007f93580a9000  215       3       org.eclipse.jdt.launching.internal.org.objectweb.asm.MethodWriter::visitEnd (1 bytes)
Event: 770.277 Thread 0x00007f93580a9000 nmethod 215 0x0000000119e4fe10 code [0x0000000119e4ff60, 0x0000000119e500b0]
Event: 770.277 Thread 0x00007f93580a9000  216       3       org.eclipse.jdt.launching.internal.org.objectweb.asm.MethodWriter::hasFrames (13 bytes)
Event: 770.277 Thread 0x00007f93580a9000 nmethod 216 0x0000000119e658d0 code [0x0000000119e65a40, 0x0000000119e65bf0]
Event: 770.277 Thread 0x00007f93580a9000  211       3       org.eclipse.jdt.launching.internal.org.objectweb.asm.ClassWriter::visitMethod (57 bytes)
Event: 770.280 Thread 0x00007f93580a9000 nmethod 211 0x0000000119e65c90 code [0x0000000119e65e00, 0x0000000119e66128]
Event: 770.280 Thread 0x00007f93580a9000  213       3       org.eclipse.jdt.launching.internal.org.objectweb.asm.MethodVisitor::<init> (7 bytes)
Event: 770.280 Thread 0x00007f93580a9000 nmethod 213 0x0000000119e66250 code [0x0000000119e663e0, 0x0000000119e66748]
Event: 770.280 Thread 0x00007f93580a9000  214       3       org.eclipse.jdt.launching.internal.org.objectweb.asm.MethodVisitor::<init> (35 bytes)
Event: 770.280 Thread 0x00007f93580a9000 nmethod 214 0x0000000119e66910 code [0x0000000119e66aa0, 0x0000000119e66dc8]

GC Heap History (0 events):
No events

Deoptimization events (1 events):
Event: 620.709 Thread 0x00007f9358816800 Uncommon trap: reason=unstable_if action=reinterpret pc=0x0000000119e4d33c method=org.eclipse.jdt.launching.internal.org.objectweb.asm.SymbolTable.put(Lorg/eclipse/jdt/launching/internal/org/objectweb/asm/SymbolTable$Entry;)Lorg/eclipse/jdt/launching/inte

Classes redefined (10 events):
Event: 228.478 Thread 0x00007f9357050000 redefined class name=BST, count=8
Event: 405.045 Thread 0x00007f9357050000 redefined class name=BST, count=9
Event: 430.227 Thread 0x00007f9357050000 redefined class name=BST, count=10
Event: 448.331 Thread 0x00007f9357050000 redefined class name=BST, count=11
Event: 478.205 Thread 0x00007f9357050000 redefined class name=BST, count=12
Event: 524.517 Thread 0x00007f9357050000 redefined class name=BST, count=13
Event: 620.714 Thread 0x00007f9357050000 redefined class name=BST, count=14
Event: 761.842 Thread 0x00007f9357050000 redefined class name=BST, count=15
Event: 770.279 Thread 0x00007f9357050000 redefined class name=BST, count=16
Event: 812.942 Thread 0x00007f9357050000 redefined class name=BST, count=17

Internal exceptions (4 events):
Event: 0.049 Thread 0x00007f935700a000 Exception <a 'java/lang/NoSuchMethodError': Method sun.misc.Unsafe.defineClass(Ljava/lang/String;[BII)Ljava/lang/Class; name or signature does not match> (0x0000000795587cb0) thrown at [/Users/java_re/workspace/8-2-build-macosx-x86_64/jdk8u181/11358/hotsp
Event: 0.049 Thread 0x00007f935700a000 Exception <a 'java/lang/NoSuchMethodError': Method sun.misc.Unsafe.prefetchRead(Ljava/lang/Object;J)V name or signature does not match> (0x0000000795587f98) thrown at [/Users/java_re/workspace/8-2-build-macosx-x86_64/jdk8u181/11358/hotspot/src/share/vm/pr
Event: 0.269 Thread 0x00007f935700a000 Exception <a 'java/security/PrivilegedActionException'> (0x00000007957dbc40) thrown at [/Users/java_re/workspace/8-2-build-macosx-x86_64/jdk8u181/11358/hotspot/src/share/vm/prims/jvm.cpp, line 1435]
Event: 0.269 Thread 0x00007f935700a000 Exception <a 'java/security/PrivilegedActionException'> (0x00000007957dbe50) thrown at [/Users/java_re/workspace/8-2-build-macosx-x86_64/jdk8u181/11358/hotspot/src/share/vm/prims/jvm.cpp, line 1435]

Events (10 events):
Event: 935.896 Executing VM operation: GetOwnedMonitorInfo
Event: 935.896 Executing VM operation: GetOwnedMonitorInfo done
Event: 935.896 Executing VM operation: GetCurrentContendedMonitor
Event: 935.896 Executing VM operation: GetCurrentContendedMonitor done
Event: 938.781 Executing VM operation: EnterInterpOnlyMode
Event: 938.781 Executing VM operation: EnterInterpOnlyMode done
Event: 938.781 Executing VM operation: GetCurrentLocation
Event: 938.781 Executing VM operation: GetCurrentLocation done
Event: 938.781 Executing VM operation: ChangeSingleStep
Event: 938.781 Executing VM operation: ChangeSingleStep done


Dynamic libraries:
0x00007fff4d03d000 	/System/Library/Frameworks/Cocoa.framework/Versions/A/Cocoa
0x00007fff592fa000 	/System/Library/Frameworks/Security.framework/Versions/A/Security
0x00007fff4bc44000 	/System/Library/Frameworks/ApplicationServices.framework/Versions/A/ApplicationServices
0x00007fff7a8d7000 	/usr/lib/libz.1.dylib
0x00007fff77f4d000 	/usr/lib/libSystem.B.dylib
0x00007fff799f4000 	/usr/lib/libobjc.A.dylib
0x00007fff4d860000 	/System/Library/Frameworks/CoreFoundation.framework/Versions/A/CoreFoundation
0x00007fff4fbe5000 	/System/Library/Frameworks/Foundation.framework/Versions/C/Foundation
0x00007fff4add1000 	/System/Library/Frameworks/AppKit.framework/Versions/C/AppKit
0x00007fff4d3d4000 	/System/Library/Frameworks/CoreData.framework/Versions/A/CoreData
0x00007fff7111c000 	/System/Library/PrivateFrameworks/RemoteViewServices.framework/Versions/A/RemoteViewServices
0x00007fff75c1b000 	/System/Library/PrivateFrameworks/UIFoundation.framework/Versions/A/UIFoundation
0x00007fff773d3000 	/System/Library/PrivateFrameworks/XCTTargetBootstrap.framework/Versions/A/XCTTargetBootstrap
0x00007fff6bc25000 	/System/Library/PrivateFrameworks/IconServices.framework/Versions/A/IconServices
0x00007fff524ae000 	/System/Library/Frameworks/Metal.framework/Versions/A/Metal
0x00007fff62e28000 	/System/Library/PrivateFrameworks/DesktopServicesPriv.framework/Versions/A/DesktopServicesPriv
0x00007fff78d08000 	/usr/lib/libenergytrace.dylib
0x00007fff7398c000 	/System/Library/PrivateFrameworks/SkyLight.framework/Versions/A/SkyLight
0x00007fff4dcaf000 	/System/Library/Frameworks/CoreGraphics.framework/Versions/A/CoreGraphics
0x00007fff49b8c000 	/System/Library/Frameworks/Accelerate.framework/Versions/A/Accelerate
0x00007fff5036e000 	/System/Library/Frameworks/IOSurface.framework/Versions/A/IOSurface
0x00007fff62c8a000 	/System/Library/PrivateFrameworks/DFRFoundation.framework/Versions/A/DFRFoundation
0x00007fff4c149000 	/System/Library/Frameworks/AudioToolbox.framework/Versions/A/AudioToolbox
0x00007fff4c3e8000 	/System/Library/Frameworks/AudioUnit.framework/Versions/A/AudioUnit
0x00007fff62d21000 	/System/Library/PrivateFrameworks/DataDetectorsCore.framework/Versions/A/DataDetectorsCore
0x00007fff4cb27000 	/System/Library/Frameworks/Carbon.framework/Versions/A/Frameworks/HIToolbox.framework/Versions/A/HIToolbox
0x00007fff78e63000 	/usr/lib/libicucore.A.dylib
0x00007fff5884d000 	/System/Library/Frameworks/QuartzCore.framework/Versions/A/QuartzCore
0x00007fff4cf0e000 	/System/Library/Frameworks/Carbon.framework/Versions/A/Frameworks/SpeechRecognition.framework/Versions/A/SpeechRecognition
0x00007fff780b0000 	/usr/lib/libauto.dylib
0x00007fff7a7ca000 	/usr/lib/libxml2.2.dylib
0x00007fff62889000 	/System/Library/PrivateFrameworks/CoreUI.framework/Versions/A/CoreUI
0x00007fff4d2b2000 	/System/Library/Frameworks/CoreAudio.framework/Versions/A/CoreAudio
0x00007fff4fa17000 	/System/Library/Frameworks/DiskArbitration.framework/Versions/A/DiskArbitration
0x00007fff79113000 	/usr/lib/liblangid.dylib
0x00007fff6d0d4000 	/System/Library/PrivateFrameworks/MultitouchSupport.framework/Versions/A/MultitouchSupport
0x00007fff502da000 	/System/Library/Frameworks/IOKit.framework/Versions/A/IOKit
0x00007fff77b9b000 	/usr/lib/libDiagnosticMessagesClient.dylib
0x00007fff4eb1d000 	/System/Library/Frameworks/CoreServices.framework/Versions/A/CoreServices
0x00007fff6ee09000 	/System/Library/PrivateFrameworks/PerformanceAnalysis.framework/Versions/A/PerformanceAnalysis
0x00007fff579e2000 	/System/Library/Frameworks/OpenGL.framework/Versions/A/OpenGL
0x00007fff4d04b000 	/System/Library/Frameworks/ColorSync.framework/Versions/A/ColorSync
0x00007fff4e33e000 	/System/Library/Frameworks/CoreImage.framework/Versions/A/CoreImage
0x00007fff4f560000 	/System/Library/Frameworks/CoreText.framework/Versions/A/CoreText
0x00007fff503cf000 	/System/Library/Frameworks/ImageIO.framework/Versions/A/ImageIO
0x00007fff5eec8000 	/System/Library/PrivateFrameworks/Backup.framework/Versions/A/Backup
0x00007fff78003000 	/usr/lib/libarchive.2.dylib
0x00007fff4c74c000 	/System/Library/Frameworks/CFNetwork.framework/Versions/A/CFNetwork
0x00007fff59aa5000 	/System/Library/Frameworks/SystemConfiguration.framework/Versions/A/SystemConfiguration
0x00007fff77ac4000 	/usr/lib/libCRFSuite.dylib
0x00007fff781a7000 	/usr/lib/libc++.1.dylib
0x00007fff781ff000 	/usr/lib/libc++abi.dylib
0x00007fff7a95a000 	/usr/lib/system/libcache.dylib
0x00007fff7a95f000 	/usr/lib/system/libcommonCrypto.dylib
0x00007fff7a96a000 	/usr/lib/system/libcompiler_rt.dylib
0x00007fff7a972000 	/usr/lib/system/libcopyfile.dylib
0x00007fff7a97c000 	/usr/lib/system/libcorecrypto.dylib
0x00007fff7aa87000 	/usr/lib/system/libdispatch.dylib
0x00007fff7aac2000 	/usr/lib/system/libdyld.dylib
0x00007fff7aaf2000 	/usr/lib/system/libkeymgr.dylib
0x00007fff7ab00000 	/usr/lib/system/liblaunch.dylib
0x00007fff7ab01000 	/usr/lib/system/libmacho.dylib
0x00007fff7ab07000 	/usr/lib/system/libquarantine.dylib
0x00007fff7ab0a000 	/usr/lib/system/libremovefile.dylib
0x00007fff7ab0c000 	/usr/lib/system/libsystem_asl.dylib
0x00007fff7ab24000 	/usr/lib/system/libsystem_blocks.dylib
0x00007fff7ab25000 	/usr/lib/system/libsystem_c.dylib
0x00007fff7abae000 	/usr/lib/system/libsystem_configuration.dylib
0x00007fff7abb2000 	/usr/lib/system/libsystem_coreservices.dylib
0x00007fff7abb6000 	/usr/lib/system/libsystem_darwin.dylib
0x00007fff7abbd000 	/usr/lib/system/libsystem_dnssd.dylib
0x00007fff7abc4000 	/usr/lib/system/libsystem_info.dylib
0x00007fff7ac3a000 	/usr/lib/system/libsystem_m.dylib
0x00007fff7ac86000 	/usr/lib/system/libsystem_malloc.dylib
0x00007fff7acab000 	/usr/lib/system/libsystem_networkextension.dylib
0x00007fff7acb7000 	/usr/lib/system/libsystem_notify.dylib
0x00007fff7acd4000 	/usr/lib/system/libsystem_sandbox.dylib
0x00007fff7acd8000 	/usr/lib/system/libsystem_secinit.dylib
0x00007fff7ac11000 	/usr/lib/system/libsystem_kernel.dylib
0x00007fff7acbf000 	/usr/lib/system/libsystem_platform.dylib
0x00007fff7acc9000 	/usr/lib/system/libsystem_pthread.dylib
0x00007fff7acdb000 	/usr/lib/system/libsystem_symptoms.dylib
0x00007fff7ace3000 	/usr/lib/system/libsystem_trace.dylib
0x00007fff7acfa000 	/usr/lib/system/libunwind.dylib
0x00007fff7ad00000 	/usr/lib/system/libxpc.dylib
0x00007fff78187000 	/usr/lib/libbsm.0.dylib
0x00007fff7aaf3000 	/usr/lib/system/libkxld.dylib
0x00007fff5e175000 	/System/Library/PrivateFrameworks/AppleFSCompression.framework/Versions/A/AppleFSCompression
0x00007fff77e0c000 	/usr/lib/libOpenScriptingUtil.dylib
0x00007fff784ea000 	/usr/lib/libcoretls.dylib
0x00007fff78501000 	/usr/lib/libcoretls_cfhelpers.dylib
0x00007fff7a18d000 	/usr/lib/libpam.2.dylib
0x00007fff7a350000 	/usr/lib/libsqlite3.dylib
0x00007fff7a7b8000 	/usr/lib/libxar.1.dylib
0x00007fff78198000 	/usr/lib/libbz2.1.0.dylib
0x00007fff79115000 	/usr/lib/liblzma.5.dylib
0x00007fff7960b000 	/usr/lib/libnetwork.dylib
0x00007fff77fec000 	/usr/lib/libapple_nghttp2.dylib
0x00007fff7a194000 	/usr/lib/libpcap.A.dylib
0x00007fff4eec1000 	/System/Library/Frameworks/CoreServices.framework/Versions/A/Frameworks/FSEvents.framework/Versions/A/FSEvents
0x00007fff4eb9d000 	/System/Library/Frameworks/CoreServices.framework/Versions/A/Frameworks/CarbonCore.framework/Versions/A/CarbonCore
0x00007fff4f096000 	/System/Library/Frameworks/CoreServices.framework/Versions/A/Frameworks/Metadata.framework/Versions/A/Metadata
0x00007fff4f139000 	/System/Library/Frameworks/CoreServices.framework/Versions/A/Frameworks/OSServices.framework/Versions/A/OSServices
0x00007fff4f185000 	/System/Library/Frameworks/CoreServices.framework/Versions/A/Frameworks/SearchKit.framework/Versions/A/SearchKit
0x00007fff4eb1e000 	/System/Library/Frameworks/CoreServices.framework/Versions/A/Frameworks/AE.framework/Versions/A/AE
0x00007fff4eeca000 	/System/Library/Frameworks/CoreServices.framework/Versions/A/Frameworks/LaunchServices.framework/Versions/A/LaunchServices
0x00007fff4ee76000 	/System/Library/Frameworks/CoreServices.framework/Versions/A/Frameworks/DictionaryServices.framework/Versions/A/DictionaryServices
0x00007fff4f1f4000 	/System/Library/Frameworks/CoreServices.framework/Versions/A/Frameworks/SharedFileList.framework/Versions/A/SharedFileList
0x00007fff53973000 	/System/Library/Frameworks/NetFS.framework/Versions/A/NetFS
0x00007fff6d371000 	/System/Library/PrivateFrameworks/NetAuth.framework/Versions/A/NetAuth
0x00007fff77807000 	/System/Library/PrivateFrameworks/login.framework/Versions/A/Frameworks/loginsupport.framework/Versions/A/loginsupport
0x00007fff75813000 	/System/Library/PrivateFrameworks/TCC.framework/Versions/A/TCC
0x00007fff61e93000 	/System/Library/PrivateFrameworks/CoreNLP.framework/Versions/A/CoreNLP
0x00007fff6cdc5000 	/System/Library/PrivateFrameworks/MetadataUtilities.framework/Versions/A/MetadataUtilities
0x00007fff791f6000 	/usr/lib/libmecabra.dylib
0x00007fff4bc45000 	/System/Library/Frameworks/ApplicationServices.framework/Versions/A/Frameworks/ATS.framework/Versions/A/ATS
0x00007fff4bfb0000 	/System/Library/Frameworks/ApplicationServices.framework/Versions/A/Frameworks/ColorSyncLegacy.framework/Versions/A/ColorSyncLegacy
0x00007fff4c051000 	/System/Library/Frameworks/ApplicationServices.framework/Versions/A/Frameworks/HIServices.framework/Versions/A/HIServices
0x00007fff4c0a4000 	/System/Library/Frameworks/ApplicationServices.framework/Versions/A/Frameworks/LangAnalysis.framework/Versions/A/LangAnalysis
0x00007fff4c0b3000 	/System/Library/Frameworks/ApplicationServices.framework/Versions/A/Frameworks/PrintCore.framework/Versions/A/PrintCore
0x00007fff4c100000 	/System/Library/Frameworks/ApplicationServices.framework/Versions/A/Frameworks/QD.framework/Versions/A/QD
0x00007fff4c13c000 	/System/Library/Frameworks/ApplicationServices.framework/Versions/A/Frameworks/SpeechSynthesis.framework/Versions/A/SpeechSynthesis
0x00007fff78227000 	/usr/lib/libcompression.dylib
0x00007fff4d776000 	/System/Library/Frameworks/CoreDisplay.framework/Versions/A/CoreDisplay
0x00007fff52776000 	/System/Library/Frameworks/MetalPerformanceShaders.framework/Versions/A/MetalPerformanceShaders
0x00007fff49ba4000 	/System/Library/Frameworks/Accelerate.framework/Versions/A/Frameworks/vImage.framework/Versions/A/vImage
0x00007fff4ac20000 	/System/Library/Frameworks/Accelerate.framework/Versions/A/Frameworks/vecLib.framework/Versions/A/vecLib
0x00007fff4ab6a000 	/System/Library/Frameworks/Accelerate.framework/Versions/A/Frameworks/vecLib.framework/Versions/A/libvMisc.dylib
0x00007fff4a985000 	/System/Library/Frameworks/Accelerate.framework/Versions/A/Frameworks/vecLib.framework/Versions/A/libvDSP.dylib
0x00007fff4a245000 	/System/Library/Frameworks/Accelerate.framework/Versions/A/Frameworks/vecLib.framework/Versions/A/libBLAS.dylib
0x00007fff4a530000 	/System/Library/Frameworks/Accelerate.framework/Versions/A/Frameworks/vecLib.framework/Versions/A/libLAPACK.dylib
0x00007fff4a8d7000 	/System/Library/Frameworks/Accelerate.framework/Versions/A/Frameworks/vecLib.framework/Versions/A/libLinearAlgebra.dylib
0x00007fff4a971000 	/System/Library/Frameworks/Accelerate.framework/Versions/A/Frameworks/vecLib.framework/Versions/A/libSparseBLAS.dylib
0x00007fff4a8ed000 	/System/Library/Frameworks/Accelerate.framework/Versions/A/Frameworks/vecLib.framework/Versions/A/libQuadrature.dylib
0x00007fff4a4bd000 	/System/Library/Frameworks/Accelerate.framework/Versions/A/Frameworks/vecLib.framework/Versions/A/libBNNS.dylib
0x00007fff4a8f3000 	/System/Library/Frameworks/Accelerate.framework/Versions/A/Frameworks/vecLib.framework/Versions/A/libSparse.dylib
0x00007fff693b8000 	/System/Library/PrivateFrameworks/GPUWrangler.framework/Versions/A/GPUWrangler
0x00007fff6b7ec000 	/System/Library/PrivateFrameworks/IOAccelerator.framework/Versions/A/IOAccelerator
0x00007fff6b7f7000 	/System/Library/PrivateFrameworks/IOPresentment.framework/Versions/A/IOPresentment
0x00007fff62c9a000 	/System/Library/PrivateFrameworks/DSExternalDisplay.framework/Versions/A/DSExternalDisplay
0x00007fff56e27000 	/System/Library/Frameworks/OpenGL.framework/Versions/A/Libraries/libCoreFSCache.dylib
0x00007fff5255e000 	/System/Library/Frameworks/MetalPerformanceShaders.framework/Frameworks/MPSCore.framework/Versions/A/MPSCore
0x00007fff5257f000 	/System/Library/Frameworks/MetalPerformanceShaders.framework/Frameworks/MPSImage.framework/Versions/A/MPSImage
0x00007fff52627000 	/System/Library/Frameworks/MetalPerformanceShaders.framework/Frameworks/MPSNeuralNetwork.framework/Versions/A/MPSNeuralNetwork
0x00007fff525fe000 	/System/Library/Frameworks/MetalPerformanceShaders.framework/Frameworks/MPSMatrix.framework/Versions/A/MPSMatrix
0x00007fff5275a000 	/System/Library/Frameworks/MetalPerformanceShaders.framework/Frameworks/MPSRayIntersector.framework/Versions/A/MPSRayIntersector
0x00007fff6cdee000 	/System/Library/PrivateFrameworks/MetalTools.framework/Versions/A/MetalTools
0x00007fff5d86f000 	/System/Library/PrivateFrameworks/AggregateDictionary.framework/Versions/A/AggregateDictionary
0x00007fff77dec000 	/usr/lib/libMobileGestalt.dylib
0x00007fff4f6c6000 	/System/Library/Frameworks/CoreVideo.framework/Versions/A/CoreVideo
0x00007fff6a227000 	/System/Library/PrivateFrameworks/GraphVisualizer.framework/Versions/A/GraphVisualizer
0x00007fff63fc3000 	/System/Library/PrivateFrameworks/FaceCore.framework/Versions/A/FaceCore
0x00007fff5643f000 	/System/Library/Frameworks/OpenCL.framework/Versions/A/OpenCL
0x00007fff77bd3000 	/usr/lib/libFosl_dynamic.dylib
0x00007fff6dc48000 	/System/Library/PrivateFrameworks/OTSVG.framework/Versions/A/OTSVG
0x00007fff4bd49000 	/System/Library/Frameworks/ApplicationServices.framework/Versions/A/Frameworks/ATS.framework/Versions/A/Resources/libFontParser.dylib
0x00007fff4be69000 	/System/Library/Frameworks/ApplicationServices.framework/Versions/A/Frameworks/ATS.framework/Versions/A/Resources/libFontRegistry.dylib
0x00007fff50659000 	/System/Library/Frameworks/ImageIO.framework/Versions/A/Resources/libJPEG.dylib
0x00007fff5097b000 	/System/Library/Frameworks/ImageIO.framework/Versions/A/Resources/libTIFF.dylib
0x00007fff50951000 	/System/Library/Frameworks/ImageIO.framework/Versions/A/Resources/libPng.dylib
0x00007fff5056e000 	/System/Library/Frameworks/ImageIO.framework/Versions/A/Resources/libGIF.dylib
0x00007fff50573000 	/System/Library/Frameworks/ImageIO.framework/Versions/A/Resources/libJP2.dylib
0x00007fff50978000 	/System/Library/Frameworks/ImageIO.framework/Versions/A/Resources/libRadiance.dylib
0x00007fff5e2ce000 	/System/Library/PrivateFrameworks/AppleJPEG.framework/Versions/A/AppleJPEG
0x00007fff56e32000 	/System/Library/Frameworks/OpenGL.framework/Versions/A/Libraries/libGFXShared.dylib
0x00007fff56ff5000 	/System/Library/Frameworks/OpenGL.framework/Versions/A/Libraries/libGLU.dylib
0x00007fff56e3b000 	/System/Library/Frameworks/OpenGL.framework/Versions/A/Libraries/libGL.dylib
0x00007fff56e47000 	/System/Library/Frameworks/OpenGL.framework/Versions/A/Libraries/libGLImage.dylib
0x00007fff56e24000 	/System/Library/Frameworks/OpenGL.framework/Versions/A/Libraries/libCVMSPluginSupport.dylib
0x00007fff56e2d000 	/System/Library/Frameworks/OpenGL.framework/Versions/A/Libraries/libCoreVMClient.dylib
0x00007fff78b79000 	/usr/lib/libcups.2.dylib
0x00007fff51a73000 	/System/Library/Frameworks/Kerberos.framework/Versions/A/Kerberos
0x00007fff50024000 	/System/Library/Frameworks/GSS.framework/Versions/A/GSS
0x00007fff7a2e4000 	/usr/lib/libresolv.9.dylib
0x00007fff78d71000 	/usr/lib/libiconv.2.dylib
0x00007fff6a387000 	/System/Library/PrivateFrameworks/Heimdal.framework/Versions/A/Heimdal
0x00007fff78d40000 	/usr/lib/libheimdal-asn1.dylib
0x00007fff564b5000 	/System/Library/Frameworks/OpenDirectory.framework/Versions/A/OpenDirectory
0x00007fff60b90000 	/System/Library/PrivateFrameworks/CommonAuth.framework/Versions/A/CommonAuth
0x00007fff56498000 	/System/Library/Frameworks/OpenDirectory.framework/Versions/A/Frameworks/CFOpenDirectory.framework/Versions/A/CFOpenDirectory
0x00007fff59623000 	/System/Library/Frameworks/SecurityFoundation.framework/Versions/A/SecurityFoundation
0x00007fff5cd80000 	/System/Library/PrivateFrameworks/APFS.framework/Versions/A/APFS
0x00007fff7a7b4000 	/usr/lib/libutil.dylib
0x00007fff78215000 	/usr/lib/libcharset.1.dylib
0x00007fff5e56a000 	/System/Library/PrivateFrameworks/AppleSauce.framework/Versions/A/AppleSauce
0x00007fff5e6f8000 	/System/Library/PrivateFrameworks/AssertionServices.framework/Versions/A/AssertionServices
0x00007fff5ef6b000 	/System/Library/PrivateFrameworks/BaseBoard.framework/Versions/A/BaseBoard
0x00007fff79145000 	/usr/lib/libmecab.1.0.0.dylib
0x00007fff78d3a000 	/usr/lib/libgermantok.dylib
0x00007fff77fd8000 	/usr/lib/libThaiTokenizer.dylib
0x00007fff77aff000 	/usr/lib/libChineseTokenizer.dylib
0x00007fff6bf22000 	/System/Library/PrivateFrameworks/LanguageModeling.framework/Versions/A/LanguageModeling
0x00007fff618a9000 	/System/Library/PrivateFrameworks/CoreEmoji.framework/Versions/A/CoreEmoji
0x00007fff6c01a000 	/System/Library/PrivateFrameworks/Lexicon.framework/Versions/A/Lexicon
0x00007fff6c062000 	/System/Library/PrivateFrameworks/LinguisticData.framework/Versions/A/LinguisticData
0x00007fff78216000 	/usr/lib/libcmph.dylib
0x00007fff596e4000 	/System/Library/Frameworks/ServiceManagement.framework/Versions/A/ServiceManagement
0x00007fff5eebe000 	/System/Library/PrivateFrameworks/BackgroundTaskManagement.framework/Versions/A/BackgroundTaskManagement
0x00007fff7a8ae000 	/usr/lib/libxslt.1.dylib
0x00007fff4ce39000 	/System/Library/Frameworks/Carbon.framework/Versions/A/Frameworks/Ink.framework/Versions/A/Ink
0x00007fff75a93000 	/System/Library/PrivateFrameworks/TextureIO.framework/Versions/A/TextureIO
0x00007fff7802d000 	/usr/lib/libate.dylib
0x00007fff62bf6000 	/System/Library/PrivateFrameworks/CrashReporterSupport.framework/Versions/A/CrashReporterSupport
0x00007fff72ab4000 	/System/Library/PrivateFrameworks/Sharing.framework/Versions/A/Sharing
0x00007fff5ea4a000 	/System/Library/PrivateFrameworks/AuthKit.framework/Versions/A/AuthKit
0x00007fff5de6d000 	/System/Library/PrivateFrameworks/Apple80211.framework/Versions/A/Apple80211
0x00007fff629b6000 	/System/Library/PrivateFrameworks/CoreUtils.framework/Versions/A/CoreUtils
0x00007fff4f704000 	/System/Library/Frameworks/CoreWLAN.framework/Versions/A/CoreWLAN
0x00007fff5016e000 	/System/Library/Frameworks/IOBluetooth.framework/Versions/A/IOBluetooth
0x00007fff70dd7000 	/System/Library/PrivateFrameworks/ProtocolBuffer.framework/Versions/A/ProtocolBuffer
0x00007fff6d02b000 	/System/Library/PrivateFrameworks/MobileKeyBag.framework/Versions/A/MobileKeyBag
0x00007fff621ce000 	/System/Library/PrivateFrameworks/CorePhoneNumbers.framework/Versions/A/CorePhoneNumbers
0x00007fff5e282000 	/System/Library/PrivateFrameworks/AppleIDAuthSupport.framework/Versions/A/AppleIDAuthSupport
0x00007fff6bef4000 	/System/Library/PrivateFrameworks/KeychainCircle.framework/Versions/A/KeychainCircle
0x00007fff70fa4000 	/System/Library/PrivateFrameworks/ROCKit.framework/Versions/A/ROCKit
0x00007fff62b92000 	/System/Library/PrivateFrameworks/CoreWiFi.framework/Versions/A/CoreWiFi
0x00007fff4d3a8000 	/System/Library/Frameworks/CoreBluetooth.framework/Versions/A/CoreBluetooth
0x00007fff62de6000 	/System/Library/PrivateFrameworks/DebugSymbols.framework/Versions/A/DebugSymbols
0x00007fff6276b000 	/System/Library/PrivateFrameworks/CoreSymbolication.framework/Versions/A/CoreSymbolication
0x00007fff7527d000 	/System/Library/PrivateFrameworks/Symbolication.framework/Versions/A/Symbolication
0x00007fff7440f000 	/System/Library/PrivateFrameworks/SpeechRecognitionCore.framework/Versions/A/SpeechRecognitionCore
0x000000010fb4d000 	/Library/Java/JavaVirtualMachines/jdk1.8.0_181.jdk/Contents/Home/jre/lib/server/libjvm.dylib
0x00007fff7a678000 	/usr/lib/libstdc++.6.dylib
0x0000000110b01000 	/Library/Java/JavaVirtualMachines/jdk1.8.0_181.jdk/Contents/Home/jre/lib/libverify.dylib
0x0000000110b0f000 	/Library/Java/JavaVirtualMachines/jdk1.8.0_181.jdk/Contents/Home/jre/lib/libjava.dylib
0x0000000110b46000 	/Library/Java/JavaVirtualMachines/jdk1.8.0_181.jdk/Contents/Home/jre/lib/libjdwp.dylib
0x0000000110b91000 	/Library/Java/JavaVirtualMachines/jdk1.8.0_181.jdk/Contents/Home/jre/lib/libnpt.dylib
0x0000000110b95000 	/Library/Java/JavaVirtualMachines/jdk1.8.0_181.jdk/Contents/Home/jre/lib/libinstrument.dylib
0x0000000110bf3000 	/Library/Java/JavaVirtualMachines/jdk1.8.0_181.jdk/Contents/Home/jre/lib/libzip.dylib
0x0000000117d86000 	/Library/Java/JavaVirtualMachines/jdk1.8.0_181.jdk/Contents/Home/jre/lib/libdt_socket.dylib

VM Arguments:
jvm_args: -agentlib:jdwp=transport=dt_socket,suspend=y,address=localhost:62261 -javaagent:/Applications/Eclipse.app/Contents/Eclipse/configuration/org.eclipse.osgi/231/0/.cp/lib/javaagent-shaded.jar -Dfile.encoding=UTF-8 
java_command: BST
java_class_path (initial): /Library/Java/JavaVirtualMachines/jdk1.8.0_181.jdk/Contents/Home/jre/lib/resources.jar:/Library/Java/JavaVirtualMachines/jdk1.8.0_181.jdk/Contents/Home/jre/lib/rt.jar:/Library/Java/JavaVirtualMachines/jdk1.8.0_181.jdk/Contents/Home/jre/lib/jsse.jar:/Library/Java/JavaVirtualMachines/jdk1.8.0_181.jdk/Contents/Home/jre/lib/jce.jar:/Library/Java/JavaVirtualMachines/jdk1.8.0_181.jdk/Contents/Home/jre/lib/charsets.jar:/Library/Java/JavaVirtualMachines/jdk1.8.0_181.jdk/Contents/Home/jre/lib/jfr.jar:/Library/Java/JavaVirtualMachines/jdk1.8.0_181.jdk/Contents/Home/jre/lib/ext/sunec.jar:/Library/Java/JavaVirtualMachines/jdk1.8.0_181.jdk/Contents/Home/jre/lib/ext/nashorn.jar:/Library/Java/JavaVirtualMachines/jdk1.8.0_181.jdk/Contents/Home/jre/lib/ext/cldrdata.jar:/Library/Java/JavaVirtualMachines/jdk1.8.0_181.jdk/Contents/Home/jre/lib/ext/jfxrt.jar:/Library/Java/JavaVirtualMachines/jdk1.8.0_181.jdk/Contents/Home/jre/lib/ext/dnsns.jar:/Library/Java/JavaVirtualMachines/jdk1.8.0_181.jdk/Contents/Home/jre/lib/ext/localedata.jar:/Library/Java/JavaVirtualMachines/jdk1.8.0_181.jdk/Contents/Home/jre/lib/ext/sunjce_provider.jar:/Library/Java/JavaVirtualMachines/jdk1.8.0_181.jdk/Contents/Home/jre/lib/ext/sunpkcs11.jar:/Library/Java/JavaVirtualMachines/jdk1.8.0_181.jdk/Contents/Home/jre/lib/ext/jaccess.jar:/Library/Java/JavaVirtualMachines/jdk1.8.0_181.jdk/Contents/Home/jre/lib/ext/zipfs.jar:/System/Library/Java/Extensions/MRJToolkit.jar:/Users/emanuelburgos/Dropbox/UW Classes/Comp Sci 400/p2/p2:/Applications/Eclipse.app/Contents/Eclipse/plugins/org.junit.jupiter.api_5.1.0.v20180327-1502.jar:/Applications/Eclipse.app/Contents/Eclipse/plugins/org.junit.jupiter.engine_5.1.0.v20180327-1502.jar:/Applications/Eclipse.app/Contents/Eclipse/plugins/org.junit.jupiter.migrationsupport_5.1.0.v20180327-1502.jar:/Applications/Eclipse.app/Contents/Eclipse/plugins/org.junit.jupiter.params_5.1.0.v20180327-1502.jar:/Applications/Eclipse.app/Contents/Eclipse/plugins/org.junit.
Launcher Type: SUN_STANDARD

Environment Variables:
PATH=/usr/bin:/bin:/usr/sbin:/sbin
SHELL=/bin/bash
DISPLAY=/private/tmp/com.apple.launchd.wVa7JKWFJI/org.macosforge.xquartz:0

Signal Handlers:
SIGSEGV: [libjvm.dylib+0x5b6029], sa_mask[0]=11111111011111110111111111111111, sa_flags=SA_ONSTACK|SA_RESTART|SA_SIGINFO
SIGBUS: [libjvm.dylib+0x5b6029], sa_mask[0]=11111111011111110111111111111111, sa_flags=SA_RESTART|SA_SIGINFO
SIGFPE: [libjvm.dylib+0x48b934], sa_mask[0]=11111111011111110111111111111111, sa_flags=SA_RESTART|SA_SIGINFO
SIGPIPE: [libjvm.dylib+0x48b934], sa_mask[0]=11111111011111110111111111111111, sa_flags=SA_RESTART|SA_SIGINFO
SIGXFSZ: [libjvm.dylib+0x48b934], sa_mask[0]=11111111011111110111111111111111, sa_flags=SA_RESTART|SA_SIGINFO
SIGILL: [libjvm.dylib+0x48b934], sa_mask[0]=11111111011111110111111111111111, sa_flags=SA_RESTART|SA_SIGINFO
SIGUSR1: SIG_DFL, sa_mask[0]=00000000000000000000000000000000, sa_flags=none
SIGUSR2: [libjvm.dylib+0x48b452], sa_mask[0]=00100000000000000000000000000000, sa_flags=SA_RESTART|SA_SIGINFO
SIGHUP: [libjvm.dylib+0x489a1d], sa_mask[0]=11111111011111110111111111111111, sa_flags=SA_RESTART|SA_SIGINFO
SIGINT: [libjvm.dylib+0x489a1d], sa_mask[0]=11111111011111110111111111111111, sa_flags=SA_RESTART|SA_SIGINFO
SIGTERM: [libjvm.dylib+0x489a1d], sa_mask[0]=11111111011111110111111111111111, sa_flags=SA_RESTART|SA_SIGINFO
SIGQUIT: [libjvm.dylib+0x489a1d], sa_mask[0]=11111111011111110111111111111111, sa_flags=SA_RESTART|SA_SIGINFO


---------------  S Y S T E M  ---------------

OS:Bsduname:Darwin 18.2.0 Darwin Kernel Version 18.2.0: Mon Nov 12 20:24:46 PST 2018; root:xnu-4903.231.4~2/RELEASE_X86_64 x86_64
rlimit: STACK 8192k, CORE 0k, NPROC 709, NOFILE 10240, AS infinity
load average:1.90 2.21 2.58

CPU:total 4 (initial active 4) (2 cores per cpu, 2 threads per core) family 6 model 61 stepping 4, cmov, cx8, fxsr, mmx, sse, sse2, sse3, ssse3, sse4.1, sse4.2, popcnt, avx, avx2, aes, clmul, erms, 3dnowpref, lzcnt, ht, tsc, tscinvbit, bmi1, bmi2, adx

Memory: 4k page, physical 8388608k(21888k free)

/proc/meminfo:


vm_info: Java HotSpot(TM) 64-Bit Server VM (25.181-b13) for bsd-amd64 JRE (1.8.0_181-b13), built on Jul  7 2018 01:02:31 by "java_re" with gcc 4.2.1 (Based on Apple Inc. build 5658) (LLVM build 2336.11.00)

time: Wed Feb 20 20:47:41 2019
elapsed time: 938 seconds (0d 0h 15m 38s)

